<?xml version="1.0" encoding="UTF-8"?>
<!-- Generated by org.testng.reporters.JUnitReportReporter -->
<testsuite hostname="Thirosh" failures="0" tests="1" name="brokenLink.BrokenLinksFind" time="45.184" errors="0" timestamp="2024-02-13T15:03:54 IST" skipped="0">
  <testcase classname="brokenLink.BrokenLinksFind" name="brokenLinks" time="45.184"/>
</testsuite> <!-- brokenLink.BrokenLinksFind -->
