<?xml version="1.0" encoding="UTF-8"?>
<!-- Generated by org.testng.reporters.JUnitReportReporter -->
<testsuite hostname="Thirosh" failures="0" tests="1" name="locators.XpathLocators" time="26.921" errors="0" timestamp="2024-02-13T14:05:47 IST" skipped="0">
  <testcase classname="locators.XpathLocators" name="xpathTest" time="26.921"/>
</testsuite> <!-- locators.XpathLocators -->
