<?xml version="1.0" encoding="UTF-8"?>
<!-- Generated by org.testng.reporters.JUnitReportReporter -->
<testsuite hostname="Thirosh" failures="0" tests="1" name="brokenURL.BrokenURL" time="67.252" errors="0" timestamp="2024-02-13T15:11:08 IST" skipped="0">
  <testcase classname="brokenURL.BrokenURL" name="brokenLinks" time="67.252"/>
</testsuite> <!-- brokenURL.BrokenURL -->
